This file contains any messages produced by compilers while
running configure, to aid debugging if configure makes a mistake.

It was created by translation configure 1.0, which was
generated by GNU Autoconf 2.68.  Invocation command line was

  $ ./configure 

## --------- ##
## Platform. ##
## --------- ##

hostname = proval-Precision-WorkStation-390
uname -m = x86_64
uname -r = 3.0.0-12-generic
uname -s = Linux
uname -v = #20-Ubuntu SMP Fri Oct 7 14:56:25 UTC 2011

/usr/bin/uname -p = unknown
/bin/uname -X     = unknown

/bin/arch              = unknown
/usr/bin/arch -k       = unknown
/usr/convex/getsysinfo = unknown
/usr/bin/hostinfo      = unknown
/bin/machine           = unknown
/usr/bin/oslevel       = unknown
/bin/universe          = unknown

PATH: /usr/local/pgsql/bin
PATH: /usr/local/pgsql/bin
PATH: /usr/local/sbin
PATH: /usr/local/bin
PATH: /usr/sbin
PATH: /usr/bin
PATH: /sbin
PATH: /bin
PATH: /usr/games
PATH: /usr/lib/jvm/jdk1.6.0_25/bin
PATH: /usr/lib/jvm/jdk1.6.0_25/bin


## ----------- ##
## Core tests. ##
## ----------- ##

configure:1803: checking for a BSD-compatible install
configure:1871: result: /usr/bin/install -c
configure:1882: checking whether build environment is sane
configure:1932: result: yes
configure:2073: checking for a thread-safe mkdir -p
configure:2112: result: /bin/mkdir -p
configure:2125: checking for gawk
configure:2141: found /usr/bin/gawk
configure:2152: result: gawk
configure:2163: checking whether make sets $(MAKE)
configure:2185: result: yes
configure:2315: checking for gcc
configure:2331: found /usr/bin/gcc
configure:2342: result: gcc
configure:2571: checking for C compiler version
configure:2580: gcc --version >&5
gcc (Ubuntu/Linaro 4.6.1-9ubuntu3) 4.6.1
Copyright (C) 2011 Free Software Foundation, Inc.
This is free software; see the source for copying conditions.  There is NO
warranty; not even for MERCHANTABILITY or FITNESS FOR A PARTICULAR PURPOSE.

configure:2591: $? = 0
configure:2580: gcc -v >&5
Using built-in specs.
COLLECT_GCC=gcc
COLLECT_LTO_WRAPPER=/usr/lib/gcc/x86_64-linux-gnu/4.6.1/lto-wrapper
Target: x86_64-linux-gnu
Configured with: ../src/configure -v --with-pkgversion='Ubuntu/Linaro 4.6.1-9ubuntu3' --with-bugurl=file:///usr/share/doc/gcc-4.6/README.Bugs --enable-languages=c,c++,fortran,objc,obj-c++,go --prefix=/usr --program-suffix=-4.6 --enable-shared --enable-linker-build-id --with-system-zlib --libexecdir=/usr/lib --without-included-gettext --enable-threads=posix --with-gxx-include-dir=/usr/include/c++/4.6 --libdir=/usr/lib --enable-nls --with-sysroot=/ --enable-clocale=gnu --enable-libstdcxx-debug --enable-libstdcxx-time=yes --enable-plugin --enable-objc-gc --disable-werror --with-arch-32=i686 --with-tune=generic --enable-checking=release --build=x86_64-linux-gnu --host=x86_64-linux-gnu --target=x86_64-linux-gnu
Thread model: posix
gcc version 4.6.1 (Ubuntu/Linaro 4.6.1-9ubuntu3) 
configure:2591: $? = 0
configure:2580: gcc -V >&5
gcc: error: unrecognized option '-V'
gcc: fatal error: no input files
compilation terminated.
configure:2591: $? = 4
configure:2580: gcc -qversion >&5
gcc: error: unrecognized option '-qversion'
gcc: fatal error: no input files
compilation terminated.
configure:2591: $? = 4
configure:2611: checking whether the C compiler works
configure:2633: gcc    conftest.c  >&5
configure:2637: $? = 0
configure:2685: result: yes
configure:2688: checking for C compiler default output file name
configure:2690: result: a.out
configure:2696: checking for suffix of executables
configure:2703: gcc -o conftest    conftest.c  >&5
configure:2707: $? = 0
configure:2729: result: 
configure:2751: checking whether we are cross compiling
configure:2759: gcc -o conftest    conftest.c  >&5
configure:2763: $? = 0
configure:2770: ./conftest
configure:2774: $? = 0
configure:2789: result: no
configure:2794: checking for suffix of object files
configure:2816: gcc -c   conftest.c >&5
configure:2820: $? = 0
configure:2841: result: o
configure:2845: checking whether we are using the GNU C compiler
configure:2864: gcc -c   conftest.c >&5
configure:2864: $? = 0
configure:2873: result: yes
configure:2882: checking whether gcc accepts -g
configure:2902: gcc -c -g  conftest.c >&5
configure:2902: $? = 0
configure:2943: result: yes
configure:2960: checking for gcc option to accept ISO C89
configure:3024: gcc  -c -g -O2  conftest.c >&5
configure:3024: $? = 0
configure:3037: result: none needed
configure:3068: checking for style of include used by make
configure:3096: result: GNU
configure:3121: checking dependency style of gcc
configure:3231: result: gcc3
configure:3435: creating ./config.status

## ---------------------- ##
## Running config.status. ##
## ---------------------- ##

This file was extended by translation config.status 1.0, which was
generated by GNU Autoconf 2.68.  Invocation command line was

  CONFIG_FILES    = 
  CONFIG_HEADERS  = 
  CONFIG_LINKS    = 
  CONFIG_COMMANDS = 
  $ ./config.status 

on proval-Precision-WorkStation-390

config.status:780: creating Makefile
config.status:780: creating src/Makefile
config.status:952: executing depfiles commands

## ---------------- ##
## Cache variables. ##
## ---------------- ##

ac_cv_c_compiler_gnu=yes
ac_cv_env_CC_set=
ac_cv_env_CC_value=
ac_cv_env_CFLAGS_set=
ac_cv_env_CFLAGS_value=
ac_cv_env_CPPFLAGS_set=
ac_cv_env_CPPFLAGS_value=
ac_cv_env_LDFLAGS_set=
ac_cv_env_LDFLAGS_value=
ac_cv_env_LIBS_set=
ac_cv_env_LIBS_value=
ac_cv_env_build_alias_set=
ac_cv_env_build_alias_value=
ac_cv_env_host_alias_set=
ac_cv_env_host_alias_value=
ac_cv_env_target_alias_set=
ac_cv_env_target_alias_value=
ac_cv_objext=o
ac_cv_path_install='/usr/bin/install -c'
ac_cv_path_mkdir=/bin/mkdir
ac_cv_prog_AWK=gawk
ac_cv_prog_ac_ct_CC=gcc
ac_cv_prog_cc_c89=
ac_cv_prog_cc_g=yes
ac_cv_prog_make_make_set=yes
am_cv_CC_dependencies_compiler_type=gcc3

## ----------------- ##
## Output variables. ##
## ----------------- ##

ACLOCAL='${SHELL} /users/demons/yuan/ys-work/datacert/shuai_yuan/assertion-verification/missing --run aclocal-1.11'
AMDEPBACKSLASH='\'
AMDEP_FALSE='#'
AMDEP_TRUE=''
AMTAR='${SHELL} /users/demons/yuan/ys-work/datacert/shuai_yuan/assertion-verification/missing --run tar'
AUTOCONF='${SHELL} /users/demons/yuan/ys-work/datacert/shuai_yuan/assertion-verification/missing --run autoconf'
AUTOHEADER='${SHELL} /users/demons/yuan/ys-work/datacert/shuai_yuan/assertion-verification/missing --run autoheader'
AUTOMAKE='${SHELL} /users/demons/yuan/ys-work/datacert/shuai_yuan/assertion-verification/missing --run automake-1.11'
AWK='gawk'
CC='gcc'
CCDEPMODE='depmode=gcc3'
CFLAGS='-g -O2'
CPPFLAGS=''
CYGPATH_W='echo'
DEFS='-DPACKAGE_NAME=\"translation\" -DPACKAGE_TARNAME=\"translation\" -DPACKAGE_VERSION=\"1.0\" -DPACKAGE_STRING=\"translation\ 1.0\" -DPACKAGE_BUGREPORT=\"yszheda@gmail.com\" -DPACKAGE_URL=\"\" -DPACKAGE=\"translation\" -DVERSION=\"1.0\"'
DEPDIR='.deps'
ECHO_C=''
ECHO_N='-n'
ECHO_T=''
EXEEXT=''
INSTALL_DATA='${INSTALL} -m 644'
INSTALL_PROGRAM='${INSTALL}'
INSTALL_SCRIPT='${INSTALL}'
INSTALL_STRIP_PROGRAM='$(install_sh) -c -s'
LDFLAGS=''
LIBOBJS=''
LIBS=''
LTLIBOBJS=''
MAKEINFO='${SHELL} /users/demons/yuan/ys-work/datacert/shuai_yuan/assertion-verification/missing --run makeinfo'
MKDIR_P='/bin/mkdir -p'
OBJEXT='o'
PACKAGE='translation'
PACKAGE_BUGREPORT='yszheda@gmail.com'
PACKAGE_NAME='translation'
PACKAGE_STRING='translation 1.0'
PACKAGE_TARNAME='translation'
PACKAGE_URL=''
PACKAGE_VERSION='1.0'
PATH_SEPARATOR=':'
SET_MAKE=''
SHELL='/bin/bash'
STRIP=''
VERSION='1.0'
ac_ct_CC='gcc'
am__EXEEXT_FALSE=''
am__EXEEXT_TRUE='#'
am__fastdepCC_FALSE='#'
am__fastdepCC_TRUE=''
am__include='include'
am__isrc=''
am__leading_dot='.'
am__quote=''
am__tar='${AMTAR} chof - "$$tardir"'
am__untar='${AMTAR} xf -'
bindir='${exec_prefix}/bin'
build_alias=''
datadir='${datarootdir}'
datarootdir='${prefix}/share'
docdir='${datarootdir}/doc/${PACKAGE_TARNAME}'
dvidir='${docdir}'
exec_prefix='${prefix}'
host_alias=''
htmldir='${docdir}'
includedir='${prefix}/include'
infodir='${datarootdir}/info'
install_sh='${SHELL} /users/demons/yuan/ys-work/datacert/shuai_yuan/assertion-verification/install-sh'
libdir='${exec_prefix}/lib'
libexecdir='${exec_prefix}/libexec'
localedir='${datarootdir}/locale'
localstatedir='${prefix}/var'
mandir='${datarootdir}/man'
mkdir_p='/bin/mkdir -p'
oldincludedir='/usr/include'
pdfdir='${docdir}'
prefix='/usr/local'
program_transform_name='s,x,x,'
psdir='${docdir}'
sbindir='${exec_prefix}/sbin'
sharedstatedir='${prefix}/com'
sysconfdir='${prefix}/etc'
target_alias=''

## ----------- ##
## confdefs.h. ##
## ----------- ##

/* confdefs.h */
#define PACKAGE_NAME "translation"
#define PACKAGE_TARNAME "translation"
#define PACKAGE_VERSION "1.0"
#define PACKAGE_STRING "translation 1.0"
#define PACKAGE_BUGREPORT "yszheda@gmail.com"
#define PACKAGE_URL ""
#define PACKAGE "translation"
#define VERSION "1.0"

configure: exit 0
